RUN	SampleRestApiSimulation	samplerestapisimulation	1620293356881	 	3.3.1
USER	MyComputerTest	8	START	1620293358164	1620293358164
USER	MyComputerTest	7	START	1620293358164	1620293358164
USER	MyComputerTest	10	START	1620293358164	1620293358164
USER	MyComputerTest	9	START	1620293358164	1620293358164
USER	MyComputerTest	2	START	1620293358164	1620293358164
USER	MyComputerTest	6	START	1620293358164	1620293358164
USER	MyComputerTest	3	START	1620293358164	1620293358164
USER	MyComputerTest	4	START	1620293358164	1620293358164
USER	MyComputerTest	1	START	1620293358164	1620293358164
USER	MyComputerTest	5	START	1620293358164	1620293358164
REQUEST	10		request_0	1620293358216	1620293358890	OK	 
REQUEST	8		request_0	1620293358216	1620293358890	OK	 
REQUEST	6		request_0	1620293358216	1620293358890	OK	 
REQUEST	2		request_0	1620293358216	1620293358911	OK	 
REQUEST	4		request_0	1620293358216	1620293358914	OK	 
REQUEST	3		request_0	1620293358216	1620293358914	OK	 
REQUEST	1		request_0	1620293358216	1620293358915	OK	 
REQUEST	9		request_0	1620293358216	1620293358915	OK	 
REQUEST	5		request_0	1620293358216	1620293358915	OK	 
REQUEST	7		request_0	1620293358216	1620293358916	OK	 
REQUEST	7		bootstrap.min.css	1620293358998	1620293359230	KO	status.find.in(200,201,202,203,204,205,206,207,208,209,304), found 429
REQUEST	5		bootstrap.min.css	1620293358998	1620293359230	KO	status.find.in(200,201,202,203,204,205,206,207,208,209,304), found 429
REQUEST	9		bootstrap.min.css	1620293358998	1620293359230	KO	status.find.in(200,201,202,203,204,205,206,207,208,209,304), found 429
REQUEST	9		main.css	1620293358999	1620293359433	OK	 
REQUEST	7		main.css	1620293358999	1620293359433	OK	 
REQUEST	10		main.css	1620293358999	1620293359458	KO	status.find.in(200,201,202,203,204,205,206,207,208,209,304), found 429
REQUEST	8		main.css	1620293358999	1620293359458	KO	status.find.in(200,201,202,203,204,205,206,207,208,209,304), found 429
REQUEST	5		main.css	1620293358999	1620293359458	KO	status.find.in(200,201,202,203,204,205,206,207,208,209,304), found 429
REQUEST	2		main.css	1620293358999	1620293359458	OK	 
REQUEST	6		main.css	1620293358999	1620293359458	OK	 
REQUEST	4		main.css	1620293358999	1620293359458	KO	status.find.in(200,201,202,203,204,205,206,207,208,209,304), found 429
REQUEST	1		main.css	1620293358999	1620293359458	KO	status.find.in(200,201,202,203,204,205,206,207,208,209,304), found 429
REQUEST	3		main.css	1620293358999	1620293359459	OK	 
REQUEST	6		bootstrap.min.css	1620293358998	1620293359643	OK	 
REQUEST	10		bootstrap.min.css	1620293358998	1620293359644	OK	 
REQUEST	4		bootstrap.min.css	1620293358998	1620293359661	OK	 
REQUEST	8		bootstrap.min.css	1620293358998	1620293359663	OK	 
REQUEST	1		bootstrap.min.css	1620293358998	1620293359664	OK	 
REQUEST	3		bootstrap.min.css	1620293358998	1620293359670	OK	 
REQUEST	2		bootstrap.min.css	1620293358998	1620293359672	OK	 
REQUEST	9		request_1	1620293368465	1620293368691	OK	 
REQUEST	7		request_1	1620293368465	1620293368697	OK	 
REQUEST	5		request_1	1620293368477	1620293368697	OK	 
REQUEST	6		request_1	1620293368666	1620293368883	OK	 
REQUEST	10		request_1	1620293368666	1620293368884	OK	 
REQUEST	8		request_1	1620293368678	1620293368894	OK	 
REQUEST	4		request_1	1620293368678	1620293368895	OK	 
REQUEST	1		request_1	1620293368678	1620293368901	OK	 
REQUEST	3		request_1	1620293368687	1620293368903	OK	 
REQUEST	2		request_1	1620293368687	1620293368904	OK	 
REQUEST	9		main.css	1620293368702	1620293368919	OK	 
REQUEST	5		main.css	1620293368706	1620293368921	KO	status.find.in(200,201,202,203,204,205,206,207,208,209,304), found 429
REQUEST	7		main.css	1620293368706	1620293368927	KO	status.find.in(200,201,202,203,204,205,206,207,208,209,304), found 429
REQUEST	6		main.css	1620293368887	1620293369101	OK	 
REQUEST	10		main.css	1620293368887	1620293369102	OK	 
REQUEST	8		bootstrap.min.css	1620293368896	1620293369108	KO	status.find.in(200,201,202,203,204,205,206,207,208,209,304), found 429
REQUEST	4		bootstrap.min.css	1620293368896	1620293369108	KO	status.find.in(200,201,202,203,204,205,206,207,208,209,304), found 429
REQUEST	8		main.css	1620293368896	1620293369109	KO	status.find.in(200,201,202,203,204,205,206,207,208,209,304), found 429
REQUEST	4		main.css	1620293368897	1620293369109	KO	status.find.in(200,201,202,203,204,205,206,207,208,209,304), found 429
REQUEST	1		bootstrap.min.css	1620293368903	1620293369116	KO	status.find.in(200,201,202,203,204,205,206,207,208,209,304), found 429
REQUEST	3		main.css	1620293368905	1620293369117	KO	status.find.in(200,201,202,203,204,205,206,207,208,209,304), found 429
REQUEST	2		main.css	1620293368905	1620293369117	KO	status.find.in(200,201,202,203,204,205,206,207,208,209,304), found 429
REQUEST	3		bootstrap.min.css	1620293368905	1620293369118	KO	status.find.in(200,201,202,203,204,205,206,207,208,209,304), found 429
REQUEST	2		bootstrap.min.css	1620293368905	1620293369120	KO	status.find.in(200,201,202,203,204,205,206,207,208,209,304), found 429
REQUEST	1		main.css	1620293368903	1620293369122	KO	status.find.in(200,201,202,203,204,205,206,207,208,209,304), found 429
REQUEST	9		bootstrap.min.css	1620293368698	1620293369338	OK	 
REQUEST	7		bootstrap.min.css	1620293368705	1620293369344	OK	 
REQUEST	5		bootstrap.min.css	1620293368705	1620293369357	OK	 
REQUEST	6		bootstrap.min.css	1620293368886	1620293369518	OK	 
REQUEST	10		bootstrap.min.css	1620293368886	1620293369521	OK	 
REQUEST	4		request_2	1620293373116	1620293373334	KO	status.find.in(200,201,202,203,204,205,206,207,208,209,304), found 404
REQUEST	8		request_2	1620293373116	1620293373335	KO	status.find.in(200,201,202,203,204,205,206,207,208,209,304), found 404
USER	MyComputerTest	4	END	1620293358164	1620293373338
USER	MyComputerTest	8	END	1620293358164	1620293373338
REQUEST	2		request_2	1620293373128	1620293373340	KO	status.find.in(200,201,202,203,204,205,206,207,208,209,304), found 404
USER	MyComputerTest	2	END	1620293358164	1620293373341
REQUEST	3		request_2	1620293373128	1620293373341	KO	status.find.in(200,201,202,203,204,205,206,207,208,209,304), found 404
USER	MyComputerTest	3	END	1620293358164	1620293373342
REQUEST	1		request_2	1620293373128	1620293373342	KO	status.find.in(200,201,202,203,204,205,206,207,208,209,304), found 404
USER	MyComputerTest	1	END	1620293358164	1620293373343
REQUEST	9		request_2	1620293373346	1620293373562	KO	status.find.in(200,201,202,203,204,205,206,207,208,209,304), found 404
USER	MyComputerTest	9	END	1620293358164	1620293373564
REQUEST	7		request_2	1620293373356	1620293373578	KO	status.find.in(200,201,202,203,204,205,206,207,208,209,304), found 404
USER	MyComputerTest	7	END	1620293358164	1620293373579
REQUEST	5		request_2	1620293373368	1620293373583	KO	status.find.in(200,201,202,203,204,205,206,207,208,209,304), found 404
USER	MyComputerTest	5	END	1620293358164	1620293373584
REQUEST	6		request_2	1620293373527	1620293373742	KO	status.find.in(200,201,202,203,204,205,206,207,208,209,304), found 404
USER	MyComputerTest	6	END	1620293358164	1620293373743
REQUEST	10		request_2	1620293373527	1620293373743	KO	status.find.in(200,201,202,203,204,205,206,207,208,209,304), found 404
USER	MyComputerTest	10	END	1620293358164	1620293373744
